[   0.000000] Linux version 4.15.0-46-generic (buildd@lgw01-amd64-038) (gcc version 7.3.0 (Ubuntu 7.3.0-16ubuntu3)) #49-Ubuntu SMP Wed Feb 6 09:33:07 UTC 2019 (Ubuntu 4.15.0-46.49-generic 4.15.18)
[    0.000000] Command line: BOOT_IMAGE=/boot/vmlinuz-4.15.0-46-generic root=LABEL=cloudimg-rootfs ro console=tty1 console=ttyS0
[    0.000000] KERNEL supported cpus:
[    0.000000]   Intel GenuineIntel
[    0.000000]   AMD AuthenticAMD
[    0.000000]   Centaur CentaurHauls
[    0.000000] x86/fpu: Supporting XSAVE feature 0x001: 'x87 floating point registers'
[    0.000000] x86/fpu: Supporting XSAVE feature 0x002: 'SSE registers'
[    0.000000] x86/fpu: Supporting XSAVE feature 0x004: 'AVX registers'
[    0.000000] x86/fp: xsate_ffse[2] 576, tate_szes[2] 2256
[   0.0000] x/fpu: Enbled statfeatur 0x7contt sie is32 btes,usngstandad' frmat.[   .00000] 82: BIS-roded hysil RAmap:
[   00000] BI-e82 [me 000000000000-x00000009fbf usae
[  0.00000]BIO-e82: [m 0x000000009fc00x00000009fff]reseed
   0.00000] OS-e0: [em 000000000f000-x00000000ffff] rerve
    .0000] BIO-e82 [me0x000000000000-0x00000ffeff] usae
[  0.0000] IOS-e80:mem 0000001f00000x000001fffff]CPI ta
    0.00000]IOS-20: em 000000fec00000x000000fe00ff resved[  0.0000]IOS-20: mem 0x0000fee000-0x000000fee0fff resered
[  0.00000] BS-e820: mem 0x000000ffc000-0000000ffffff resrvd
[   .00000 NX Execute Disable) protection: active
[    0.000000] SMBIOS 2.5 present.
[    0.000000] DMI: innotek GmbH VirtualBox/VirtualBox, BIOS VirtualBox 12/01/2006
[    0.000000] Hypervisor deteced: VM
   000000] e82: lat_fn = 01fff0 ax_arc_pfn =0x40000000
[   0.000000] MTRR: Dsabled
[    0.00000] x86PAT:MTRRs isabld, skipping PAT initialization too.
[    0.000000] CPU MTRRs all blank - virtualizedsytem.
[   0.00000]x86/AT: Confguratin [07] W WT  UC- UC WB  T  UC-UC  
    .0000] foud SM MP-table at mem 0x0009fff0-0009fff] appe at [        (ptrval)]
[    0.000000] Scanning 1 areas for low memory corruption
[    0.000000] RAMDISK: [mem 0x1dc8c000-0x1ef14fff]
[    0.000000] ACPI: Early table checksum verification disabled
[    0.000000] ACPI:RSP 0x0000000000E000 00024 (v02 BOX  )
[    0.00000] CP: XST 0x00000001FF00300000C (v1 VBX   VBXXSD 0000001ASL  000001)
[   0.00000] API: FAP 000000001FF00F0 000F4 (v0 VBOX  VB